Arguments: 
  /Users/abigaildrake/.nvm/versions/node/v16.13.2/bin/node /Users/abigaildrake/.nvm/versions/node/v16.13.2/bin/yarn global bin

PATH: 
  /Users/abigaildrake/Library/Android/sdk/platform-tools:/Users/abigaildrake/.nvm/versions/node/v16.13.2/bin:/usr/local/bin:/usr/bin:/bin:/usr/sbin:/sbin:/opt/homebrew/bin:/opt/homebrew/sbin:/Users/abigaildrake/Library/Android/sdk/platform-tools:/Users/abigaildrake/.nvm/versions/node/v16.13.2/bin:/Applications/Visual Studio Code.app/Contents/Resources/app/bin:/Users/abigaildrake/.yarn/bin:/Applications/Visual Studio Code.app/Contents/Resources/app/bin:info If you think this is a bug, please open a bug report with the information provided in "/Users/abigaildrake/Desktop/NucampFolder/5-NodeJS-Express-MongoDB/node-http/yarn-error.log".
  info Visit https://yarnpkg.com/en/docs/cli/global for documentation about this command.:info If you think this is a bug, please open a bug report with the information provided in "/Users/abigaildrake/Desktop/NucampFolder/5-NodeJS-Express-MongoDB/node-http/yarn-error.log".
  info Visit https://yarnpkg.com/en/docs/cli/global for documentation about this command.

Yarn version: 
  1.22.17

Node version: 
  16.13.2

Platform: 
  darwin arm64

Trace: 
  SyntaxError: /Users/abigaildrake/Desktop/NucampFolder/5-NodeJS-Express-MongoDB/node-http/package.json: Unexpected end of JSON input
      at JSON.parse (<anonymous>)
      at /Users/abigaildrake/.nvm/versions/node/v16.13.2/lib/node_modules/yarn/lib/cli.js:1625:59
      at Generator.next (<anonymous>)
      at step (/Users/abigaildrake/.nvm/versions/node/v16.13.2/lib/node_modules/yarn/lib/cli.js:310:30)
      at /Users/abigaildrake/.nvm/versions/node/v16.13.2/lib/node_modules/yarn/lib/cli.js:321:13

npm manifest: 
  

yarn manifest: 
  No manifest

Lockfile: 
  No lockfile
